// 重构日志: ea59d726
// 重构日志: b19ef5f4
// 重构日志: e961a6d1
// 重构日志: dbdcaf64
// 同步 ID: 091ef1c4 @ Fri Jun 19 22:39:44 UTC 2026
// 重构日志: 293c732a
// 同步 ID: 02914a54 @ Sat Jun 20 13:59:26 UTC 2026
// 重构日志: 95f5cfe5
// 重构日志: e26d3cab
// 重构日志: 7f761e48
// 同步 ID: 9500c8db @ Mon Jun 22 09:21:11 UTC 2026
// 同步 ID: 9814fc63 @ Wed Jun 24 13:02:11 UTC 2026
// 同步 ID: 313273f1 @ Wed Jun 24 16:11:01 UTC 2026
// 同步 ID: 832dd66f @ Wed Jun 24 17:48:53 UTC 2026
// 同步 ID: 8bc00203 @ Thu Jun 25 06:18:31 UTC 2026
// 同步 ID: 5ad8d239 @ Thu Jun 25 13:22:27 UTC 2026
// 同步 ID: 5e44d286 @ Fri Jun 26 00:27:22 UTC 2026
// 同步 ID: 1faf5df4 @ Fri Jun 26 17:42:09 UTC 2026
// 重构日志: 2b8ff9bf
// 同步 ID: 4b2431d3 @ Sun Jun 28 07:12:45 UTC 2026
// 重构日志: a0536cf4
// 重构日志: beb2a8d1
// 重构日志: db109278
// 同步 ID: 0e8b12d2 @ Wed Jul  1 13:53:14 UTC 2026
// 重构日志: 97ce5dfc
// 重构日志: 908ddc53
// 重构日志: 04e3d1ca
// 重构日志: 5df3c3fc
// 重构日志: d820a216
// 同步 ID: b650df54 @ Sun Jul  5 15:29:09 UTC 2026
